2025-09-07 10:47:49,274 - INFO - Loaded master data with 4 indicators
2025-09-07 10:47:49,275 - INFO - Collector v4.2.5 initialized - Mode: monthly
2025-09-07 10:47:49,275 - INFO - Data directory: C:\Users\markf\OneDrive\Documents\GitHub\Humble-Conviction-Portfolio\data_collector\Outputs
2025-09-07 10:47:49,275 - INFO - ============================================================
2025-09-07 10:47:49,275 - INFO - HCP Unified Collector v4.2.5 - Clean Implementation
2025-09-07 10:47:49,275 - INFO - Mode: MONTHLY
2025-09-07 10:47:49,276 - INFO - ============================================================
2025-09-07 10:47:49,277 - INFO - Fetching market data...
2025-09-07 10:47:49,277 - INFO -   Fetching dxy (DX=F)...
2025-09-07 10:47:49,631 - INFO -     ✓ dxy: 20 months
2025-09-07 10:47:49,631 - INFO -   Fetching qqq (QQQ)...
2025-09-07 10:47:49,806 - INFO -     ✓ qqq: 24 months
2025-09-07 10:47:49,806 - INFO -   Fetching spy (SPY)...
2025-09-07 10:47:50,003 - INFO -     ✓ spy: 24 months
2025-09-07 10:47:50,003 - INFO -   Fetching efa (EFA)...
2025-09-07 10:47:50,199 - INFO -     ✓ efa: 24 months
2025-09-07 10:47:50,200 - INFO -   Fetching vti (VTI)...
2025-09-07 10:47:50,491 - INFO -     ✓ vti: 24 months
2025-09-07 10:47:50,492 - INFO -   Fetching vt (VT)...
2025-09-07 10:47:50,716 - INFO -     ✓ vt: 24 months
2025-09-07 10:47:50,717 - INFO -   Fetching tips (TIP)...
2025-09-07 10:47:50,934 - INFO -     ✓ tips: 24 months
2025-09-07 10:47:50,934 - INFO - Fetching FRED data...
2025-09-07 10:47:51,442 - INFO -   ✓ productivity: 8 observations
2025-09-07 10:47:51,905 - INFO -   ✓ tips_10y: 498 observations
2025-09-07 10:47:52,853 - INFO -   ✓ tech_employment: 24 observations
2025-09-07 10:47:54,025 - INFO -   ✓ real_gdp: 8 observations
2025-09-07 10:47:54,025 - INFO - Fetching IMF COFER data...
2025-09-07 10:47:54,026 - WARNING -   sdmx1 not installed - COFER requires manual update
2025-09-07 10:47:54,026 - INFO - Fetching P/E data...
2025-09-07 10:47:54,188 - INFO -   ✓ Trailing P/E: 26.6
2025-09-07 10:47:54,189 - INFO - Fetching Put/Call ratio...
2025-09-07 10:47:54,361 - INFO -   ✓ Put/Call: 1.318
2025-09-07 10:47:54,363 - INFO - Calculating ETF flows...
2025-09-07 10:47:54,568 - INFO -   ✓ ETF Flow Differential: $41.0B
2025-09-07 10:47:54,568 - INFO - Fetching earnings data...
2025-09-07 10:47:54,836 - INFO -   ✓ EPS Delivery: 1.112
2025-09-07 10:47:54,837 - INFO - Calculating USD indicators...
2025-09-07 10:47:54,837 - INFO -   ✓ DXY: 97.68
2025-09-07 10:47:54,837 - INFO -   ✓ Real Rate Differential: 1.29%
2025-09-07 10:47:54,837 - INFO - Calculating Innovation indicators...
2025-09-07 10:47:54,838 - INFO -   ✓ QQQ/SPY Ratio: 0.8900
2025-09-07 10:47:54,838 - INFO -   ✓ Productivity Growth: 1.50%
2025-09-07 10:47:54,838 - INFO -   ✓ Tech Employment: 2926.0
2025-09-07 10:47:54,838 - INFO - Calculating P/E indicators...
2025-09-07 10:47:54,838 - INFO -   ✓ Put/Call Ratio: 1.318
2025-09-07 10:47:54,838 - INFO -   ✓ Trailing P/E: 26.6
2025-09-07 10:47:54,838 - INFO -   ✓ EPS Delivery: 1.112
2025-09-07 10:47:54,839 - INFO - Calculating US Leadership indicators...
2025-09-07 10:47:54,839 - INFO -   ✓ SPY/EFA Momentum: 4.29%
2025-09-07 10:47:54,839 - INFO -   ✓ VTI/VT Ratio: 2.378
2025-09-07 10:47:54,839 - INFO -   ✓ ETF Flow Differential: $41.0B
2025-09-07 10:47:54,842 - INFO - Created backup: hcp_master_backup_20250907_104754.json
2025-09-07 10:47:54,853 - INFO - Master data saved
2025-09-07 10:47:54,877 - INFO - Data saved to: C:\Users\markf\OneDrive\Documents\GitHub\Humble-Conviction-Portfolio\data_collector\Outputs\hcp_data_v425_20250907_104754.json
2025-09-07 11:13:51,715 - INFO - Loaded master data with 4 indicators
2025-09-07 11:13:51,715 - INFO - Collector v4.2.5 initialized - Mode: initialize
2025-09-07 11:13:51,715 - INFO - Data directory: C:\Users\markf\OneDrive\Documents\GitHub\Humble-Conviction-Portfolio\data_collector\Outputs
2025-09-07 11:13:51,716 - INFO - ============================================================
2025-09-07 11:13:51,716 - INFO - HCP Unified Collector v4.2.5 - Clean Implementation
2025-09-07 11:13:51,716 - INFO - Mode: INITIALIZE
2025-09-07 11:13:51,716 - INFO - ============================================================
2025-09-07 11:13:51,716 - INFO - Fetching market data...
2025-09-07 11:13:51,717 - INFO -   Fetching dxy (DX=F)...
2025-09-07 11:13:52,292 - INFO -     ✓ dxy: 205 months
2025-09-07 11:13:52,292 - INFO -   Fetching qqq (QQQ)...
2025-09-07 11:13:52,507 - INFO -     ✓ qqq: 240 months
2025-09-07 11:13:52,507 - INFO -   Fetching spy (SPY)...
2025-09-07 11:13:52,753 - INFO -     ✓ spy: 240 months
2025-09-07 11:13:52,753 - INFO -   Fetching efa (EFA)...
2025-09-07 11:13:52,964 - INFO -     ✓ efa: 240 months
2025-09-07 11:13:52,965 - INFO -   Fetching vti (VTI)...
2025-09-07 11:13:53,154 - INFO -     ✓ vti: 240 months
2025-09-07 11:13:53,154 - INFO -   Fetching vt (VT)...
2025-09-07 11:13:53,375 - INFO -     ✓ vt: 208 months
2025-09-07 11:13:53,376 - INFO -   Fetching tips (TIP)...
2025-09-07 11:13:53,829 - INFO -     ✓ tips: 240 months
2025-09-07 11:13:53,829 - INFO - Fetching FRED data...
2025-09-07 11:13:54,897 - INFO -   ✓ productivity: 80 observations
2025-09-07 11:13:55,985 - INFO -   ✓ tips_10y: 5002 observations
2025-09-07 11:13:57,232 - INFO -   ✓ tech_employment: 240 observations
2025-09-07 11:13:58,350 - INFO -   ✓ total_employment: 240 observations
2025-09-07 11:13:59,431 - INFO -   ✓ real_gdp: 80 observations
2025-09-07 11:13:59,431 - INFO - Fetching IMF COFER data...
2025-09-07 11:13:59,513 - WARNING -   sdmx1 not installed - COFER requires manual update
2025-09-07 11:13:59,514 - INFO - Fetching P/E data...
2025-09-07 11:13:59,658 - INFO -   ✓ Trailing P/E: 26.6
2025-09-07 11:13:59,658 - INFO - Fetching Put/Call ratio...
2025-09-07 11:13:59,906 - INFO -   ✓ Put/Call: 1.318
2025-09-07 11:13:59,906 - INFO - Calculating ETF flows...
2025-09-07 11:14:00,131 - INFO -   ✓ ETF Flow Differential: $41.0B
2025-09-07 11:14:00,132 - INFO - Fetching earnings data...
2025-09-07 11:14:00,752 - INFO -   ✓ EPS Delivery: 1.112
2025-09-07 11:14:00,753 - INFO - Calculating USD indicators...
2025-09-07 11:14:00,753 - INFO -   ✓ DXY: 97.68
2025-09-07 11:14:00,753 - INFO -   ✓ Real Rate Differential: 1.29%
2025-09-07 11:14:00,753 - INFO - Calculating Innovation indicators...
2025-09-07 11:14:00,753 - INFO -   ✓ QQQ/SPY Ratio: 0.8900
2025-09-07 11:14:00,754 - INFO -   ✓ Productivity Growth: 1.50%
2025-09-07 11:14:00,754 - INFO -   ✓ Tech Employment %: 1.83%
2025-09-07 11:14:00,754 - INFO - Calculating P/E indicators...
2025-09-07 11:14:00,754 - INFO -   ✓ Put/Call Ratio: 1.318
2025-09-07 11:14:00,754 - INFO -   ✓ Trailing P/E: 26.6
2025-09-07 11:14:00,754 - INFO -   ✓ EPS Delivery: 1.112
2025-09-07 11:14:00,754 - INFO - Calculating US Leadership indicators...
2025-09-07 11:14:00,755 - INFO -   ✓ SPY/EFA Momentum: 4.29%
2025-09-07 11:14:00,755 - INFO -   ✓ US Market %: 100.7%
2025-09-07 11:14:00,755 - INFO -   ✓ ETF Flow Differential: $41.0B
2025-09-07 11:14:00,758 - INFO - Created backup: hcp_master_backup_20250907_111400.json
2025-09-07 11:14:00,777 - INFO - Master data saved
2025-09-07 11:14:00,860 - INFO - Data saved to: C:\Users\markf\OneDrive\Documents\GitHub\Humble-Conviction-Portfolio\data_collector\Outputs\hcp_data_v425_20250907_111400.json
2025-09-07 11:27:28,128 - INFO - Loaded master data with 4 indicators
2025-09-07 11:27:28,129 - INFO - Collector v4.2.5 initialized - Mode: initialize
2025-09-07 11:27:28,130 - INFO - Data directory: C:\Users\markf\OneDrive\Documents\GitHub\Humble-Conviction-Portfolio\data_collector\Outputs
2025-09-07 11:27:28,130 - INFO - ============================================================
2025-09-07 11:27:28,131 - INFO - HCP Unified Collector v4.2.5 - Clean Implementation
2025-09-07 11:27:28,131 - INFO - Mode: INITIALIZE
2025-09-07 11:27:28,131 - INFO - ============================================================
2025-09-07 11:27:28,132 - INFO - Fetching market data...
2025-09-07 11:27:28,132 - INFO -   Fetching dxy (DX=F)...
2025-09-07 11:27:28,533 - INFO -     ✓ dxy: 205 months
2025-09-07 11:27:28,534 - INFO -   Fetching qqq (QQQ)...
2025-09-07 11:27:29,023 - INFO -     ✓ qqq: 240 months
2025-09-07 11:27:29,024 - INFO -   Fetching spy (SPY)...
2025-09-07 11:27:29,254 - INFO -     ✓ spy: 240 months
2025-09-07 11:27:29,255 - INFO -   Fetching efa (EFA)...
2025-09-07 11:27:29,497 - INFO -     ✓ efa: 240 months
2025-09-07 11:27:29,497 - INFO -   Fetching vti (VTI)...
2025-09-07 11:27:29,703 - INFO -     ✓ vti: 240 months
2025-09-07 11:27:29,704 - INFO -   Fetching vt (VT)...
2025-09-07 11:27:29,949 - INFO -     ✓ vt: 208 months
2025-09-07 11:27:29,949 - INFO -   Fetching tips (TIP)...
2025-09-07 11:27:30,149 - INFO -     ✓ tips: 240 months
2025-09-07 11:27:30,149 - INFO - Fetching FRED data...
2025-09-07 11:27:30,719 - INFO -   ✓ productivity: 80 observations
2025-09-07 11:27:31,977 - INFO -   ✓ tips_10y: 5002 observations
2025-09-07 11:27:33,276 - INFO -   ✓ tech_employment: 240 observations
2025-09-07 11:27:34,461 - INFO -   ✓ total_employment: 240 observations
2025-09-07 11:27:35,650 - INFO -   ✓ real_gdp: 80 observations
2025-09-07 11:27:35,650 - INFO - Fetching IMF COFER data...
2025-09-07 11:27:35,659 - WARNING -   sdmx1 not installed - COFER requires manual update
2025-09-07 11:27:35,660 - INFO - Fetching P/E data...
2025-09-07 11:27:35,825 - INFO -   ✓ Trailing P/E: 26.6
2025-09-07 11:27:35,825 - INFO - Fetching Put/Call ratio...
2025-09-07 11:27:36,007 - INFO -   ✓ Put/Call: 1.318
2025-09-07 11:27:36,008 - INFO - Calculating ETF flows...
2025-09-07 11:27:36,251 - INFO -   ✓ ETF Flow Differential: $41.0B
2025-09-07 11:27:36,251 - INFO - Fetching earnings data...
2025-09-07 11:27:36,473 - INFO -   ✓ EPS Delivery: 1.112
2025-09-07 11:27:36,473 - INFO - Calculating USD indicators...
2025-09-07 11:27:36,473 - INFO -   ✓ DXY: 97.68
2025-09-07 11:27:36,474 - INFO -   ✓ Real Rate Differential: 1.29%
2025-09-07 11:27:36,474 - INFO - Calculating Innovation indicators...
2025-09-07 11:27:36,474 - INFO -   ✓ QQQ/SPY Ratio: 0.8900
2025-09-07 11:27:36,474 - INFO -   ✓ Productivity Growth: 1.50%
2025-09-07 11:27:36,474 - INFO -   ✓ Tech Employment %: 1.83%
2025-09-07 11:27:36,474 - INFO - Calculating P/E indicators...
2025-09-07 11:27:36,475 - INFO -   ✓ Put/Call Ratio: 1.318
2025-09-07 11:27:36,475 - INFO -   ✓ Trailing P/E: 26.6
2025-09-07 11:27:36,475 - INFO -   ✓ EPS Delivery: 1.112
2025-09-07 11:27:36,475 - INFO - Calculating US Leadership indicators...
2025-09-07 11:27:36,475 - INFO -   ✓ SPY/EFA Momentum: 4.29%
2025-09-07 11:27:36,475 - INFO -   ✓ US Market %: 87.6%
2025-09-07 11:27:36,476 - INFO -   ✓ ETF Flow Differential: $41.0B
2025-09-07 11:27:36,479 - INFO - Created backup: hcp_master_backup_20250907_112736.json
2025-09-07 11:27:36,495 - INFO - Master data saved
2025-09-07 11:27:36,561 - INFO - Data saved to: C:\Users\markf\OneDrive\Documents\GitHub\Humble-Conviction-Portfolio\data_collector\Outputs\hcp_data_v425_20250907_112736.json
2025-09-07 11:58:31,232 - INFO - Loaded master data with 4 indicators
2025-09-07 11:58:31,232 - INFO - Collector v4.2.5 initialized - Mode: initialize
2025-09-07 11:58:31,233 - INFO - Data directory: C:\Users\markf\OneDrive\Documents\GitHub\Humble-Conviction-Portfolio\data_collector\Outputs
2025-09-07 11:58:31,233 - INFO - ============================================================
2025-09-07 11:58:31,233 - INFO - HCP Unified Collector v4.2.5 - Clean Implementation
2025-09-07 11:58:31,234 - INFO - Mode: INITIALIZE
2025-09-07 11:58:31,234 - INFO - ============================================================
2025-09-07 11:58:31,234 - INFO - Fetching market data...
2025-09-07 11:58:31,234 - INFO -   Fetching dxy (DX=F)...
2025-09-07 11:58:31,619 - INFO -     ✓ dxy: 205 months
2025-09-07 11:58:31,619 - INFO -   Fetching qqq (QQQ)...
2025-09-07 11:58:31,784 - INFO -     ✓ qqq: 240 months
2025-09-07 11:58:31,785 - INFO -   Fetching spy (SPY)...
2025-09-07 11:58:32,004 - INFO -     ✓ spy: 240 months
2025-09-07 11:58:32,005 - INFO -   Fetching efa (EFA)...
2025-09-07 11:58:32,209 - INFO -     ✓ efa: 240 months
2025-09-07 11:58:32,209 - INFO -   Fetching vti (VTI)...
2025-09-07 11:58:32,424 - INFO -     ✓ vti: 240 months
2025-09-07 11:58:32,424 - INFO -   Fetching vt (VT)...
2025-09-07 11:58:32,811 - INFO -     ✓ vt: 208 months
2025-09-07 11:58:32,812 - INFO -   Fetching tips (TIP)...
2025-09-07 11:58:33,012 - INFO -     ✓ tips: 240 months
2025-09-07 11:58:33,012 - INFO - Fetching FRED data...
2025-09-07 11:58:33,501 - INFO -   ✓ productivity: 80 observations
2025-09-07 11:58:34,160 - INFO -   ✓ tips_10y: 5002 observations
2025-09-07 11:58:35,392 - INFO -   ✓ tech_employment: 240 observations
2025-09-07 11:58:36,559 - INFO -   ✓ total_employment: 240 observations
2025-09-07 11:58:37,512 - INFO -   ✓ real_gdp: 80 observations
2025-09-07 11:58:37,512 - INFO - Fetching IMF COFER data...
2025-09-07 11:58:37,784 - INFO - Request https://api.imf.org/external/sdmx/2.1/data/COFER/Q.USD?startPeriod=2000
2025-09-07 11:58:37,785 - INFO - with headers {'User-Agent': 'python-requests/2.32.5', 'Accept-Encoding': 'gzip, deflate', 'Accept': '*/*', 'Connection': 'keep-alive'}
2025-09-07 11:58:39,229 - WARNING - xml.Reader got no structure=… argument for StructureSpecificData
2025-09-07 11:58:39,231 - WARNING -   COFER fetch failed: Empty COFER data
2025-09-07 11:58:39,232 - INFO - Fetching P/E data...
2025-09-07 11:58:39,371 - INFO -   ✓ Trailing P/E: 26.6
2025-09-07 11:58:39,371 - INFO - Fetching Put/Call ratio...
2025-09-07 11:58:39,578 - INFO -   ✓ Put/Call: 1.318
2025-09-07 11:58:39,578 - INFO - Calculating ETF flows...
2025-09-07 11:58:39,793 - INFO -   ✓ ETF Flow Differential: $41.0B
2025-09-07 11:58:39,793 - INFO - Fetching earnings data...
2025-09-07 11:58:40,064 - INFO -   ✓ EPS Delivery: 1.112
2025-09-07 11:58:40,064 - INFO - Calculating USD indicators...
2025-09-07 11:58:40,065 - INFO -   ✓ DXY: 97.68
2025-09-07 11:58:40,065 - INFO -   ✓ Real Rate Differential: 1.29%
2025-09-07 11:58:40,065 - INFO - Calculating Innovation indicators...
2025-09-07 11:58:40,066 - INFO -   ✓ QQQ/SPY Ratio: 0.8900
2025-09-07 11:58:40,066 - INFO -   ✓ Productivity Growth: 1.50%
2025-09-07 11:58:40,066 - INFO -   ✓ Tech Employment %: 1.83%
2025-09-07 11:58:40,066 - INFO - Calculating P/E indicators...
2025-09-07 11:58:40,067 - INFO -   ✓ Put/Call Ratio: 1.318
2025-09-07 11:58:40,067 - INFO -   ✓ Trailing P/E: 26.6
2025-09-07 11:58:40,067 - INFO -   ✓ EPS Delivery: 1.112
2025-09-07 11:58:40,067 - INFO - Calculating US Leadership indicators...
2025-09-07 11:58:40,068 - INFO -   ✓ SPY/EFA Momentum: 4.29%
2025-09-07 11:58:40,068 - INFO -   ✓ US Market %: 87.6%
2025-09-07 11:58:40,068 - INFO -   ✓ ETF Flow Differential: $41.0B
2025-09-07 11:58:40,071 - INFO - Created backup: hcp_master_backup_20250907_115840.json
2025-09-07 11:58:40,089 - INFO - Master data saved
2025-09-07 11:58:40,160 - INFO - Data saved to: C:\Users\markf\OneDrive\Documents\GitHub\Humble-Conviction-Portfolio\data_collector\Outputs\hcp_data_v425_20250907_115840.json
2025-09-07 14:02:13,781 - INFO - Loaded master data with 1 indicators
2025-09-07 14:02:13,782 - INFO - Collector v4.2.5 initialized - Mode: initialize
2025-09-07 14:02:13,782 - INFO - Data directory: C:\Users\markf\OneDrive\Documents\GitHub\Humble-Conviction-Portfolio\data_collector\Outputs
2025-09-07 14:02:13,783 - INFO - ============================================================
2025-09-07 14:02:13,783 - INFO - HCP Unified Collector v4.2.5 - Clean Implementation
2025-09-07 14:02:13,784 - INFO - Mode: INITIALIZE
2025-09-07 14:02:13,784 - INFO - ============================================================
2025-09-07 14:02:13,784 - INFO - Fetching market data...
2025-09-07 14:02:13,784 - INFO -   Fetching dxy (DX=F)...
2025-09-07 14:02:14,163 - INFO -     ✓ dxy: 205 months
2025-09-07 14:02:14,164 - INFO -   Fetching qqq (QQQ)...
2025-09-07 14:02:14,384 - INFO -     ✓ qqq: 240 months
2025-09-07 14:02:14,385 - INFO -   Fetching spy (SPY)...
2025-09-07 14:02:14,646 - INFO -     ✓ spy: 240 months
2025-09-07 14:02:14,647 - INFO -   Fetching efa (EFA)...
2025-09-07 14:02:14,835 - INFO -     ✓ efa: 240 months
2025-09-07 14:02:14,835 - INFO -   Fetching vti (VTI)...
2025-09-07 14:02:15,035 - INFO -     ✓ vti: 240 months
2025-09-07 14:02:15,035 - INFO -   Fetching vt (VT)...
2025-09-07 14:02:15,202 - INFO -     ✓ vt: 208 months
2025-09-07 14:02:15,203 - INFO -   Fetching tips (TIP)...
2025-09-07 14:02:15,421 - INFO -     ✓ tips: 240 months
2025-09-07 14:02:15,421 - INFO - Fetching FRED data...
2025-09-07 14:02:15,981 - INFO -   ✓ productivity: 80 observations
2025-09-07 14:02:16,378 - INFO -   ✓ tips_10y: 5002 observations
2025-09-07 14:02:17,579 - INFO -   ✓ tech_employment: 240 observations
2025-09-07 14:02:18,967 - INFO -   ✓ total_employment: 240 observations
2025-09-07 14:02:19,981 - INFO -   ✓ real_gdp: 80 observations
2025-09-07 14:02:19,981 - INFO - Fetching IMF COFER data...
2025-09-07 14:02:20,214 - INFO - Request https://api.imf.org/external/sdmx/2.1/data/COFER/Q.USD?startPeriod=2000
2025-09-07 14:02:20,215 - INFO - with headers {'User-Agent': 'python-requests/2.32.5', 'Accept-Encoding': 'gzip, deflate', 'Accept': '*/*', 'Connection': 'keep-alive'}
2025-09-07 14:02:21,582 - WARNING - xml.Reader got no structure=… argument for StructureSpecificData
2025-09-07 14:02:21,583 - WARNING -   COFER fetch failed: Empty COFER data
2025-09-07 14:02:21,585 - INFO - Fetching P/E data...
2025-09-07 14:02:21,745 - INFO -   ✓ Trailing P/E: 26.6
2025-09-07 14:02:21,745 - INFO - Fetching Put/Call ratio...
2025-09-07 14:02:21,930 - INFO -   ✓ Put/Call: 1.318
2025-09-07 14:02:21,931 - INFO - Calculating ETF flows...
2025-09-07 14:02:22,133 - INFO -   ✓ ETF Flow Differential: $41.0B
2025-09-07 14:02:22,133 - INFO - Fetching earnings data...
2025-09-07 14:02:22,476 - INFO -   ✓ EPS Delivery: 1.112
2025-09-07 14:02:22,476 - INFO - Calculating USD indicators...
2025-09-07 14:02:22,476 - INFO -   ✓ DXY: 97.68
2025-09-07 14:02:22,477 - INFO -   ✓ Real Rate Differential: 1.29%
2025-09-07 14:02:22,477 - INFO - Calculating Innovation indicators...
2025-09-07 14:02:22,477 - INFO -   ✓ QQQ/SPY Ratio: 0.8900
2025-09-07 14:02:22,478 - INFO -   ✓ Productivity Growth: 1.50%
2025-09-07 14:02:22,478 - INFO -   ✓ Tech Employment %: 1.83%
2025-09-07 14:02:22,478 - INFO - Calculating P/E indicators...
2025-09-07 14:02:22,478 - INFO -   ✓ Put/Call Ratio: 1.318
2025-09-07 14:02:22,478 - INFO -   ✓ Trailing P/E: 26.6
2025-09-07 14:02:22,479 - INFO -   ✓ EPS Delivery: 1.112
2025-09-07 14:02:22,479 - INFO - Calculating US Leadership indicators...
2025-09-07 14:02:22,479 - INFO -   ✓ SPY/EFA Momentum: 4.29%
2025-09-07 14:02:22,479 - INFO -   ✓ US Market %: 87.6%
2025-09-07 14:02:22,479 - INFO -   ✓ ETF Flow Differential: $41.0B
2025-09-07 14:02:22,483 - INFO - Created backup: hcp_master_backup_20250907_140222.json
2025-09-07 14:02:22,501 - INFO - Master data saved
2025-09-07 14:02:22,580 - INFO - Data saved to: C:\Users\markf\OneDrive\Documents\GitHub\Humble-Conviction-Portfolio\data_collector\Outputs\hcp_data_v425_20250907_140222.json
2025-09-07 14:51:39,544 - INFO - Loaded master file with 11 auto indicators
2025-09-07 14:51:39,544 - INFO - Existing historical_data: ['cofer_usd']
2025-09-07 14:51:39,545 - INFO - ============================================================
2025-09-07 14:51:39,545 - INFO - HCP PRODUCTION HISTORICAL COLLECTOR v4.3.0
2025-09-07 14:51:39,546 - INFO - Adding missing history to existing data
2025-09-07 14:51:39,546 - INFO - ZERO REGRESSION POLICY ENFORCED
2025-09-07 14:51:39,546 - INFO - ============================================================
2025-09-07 14:51:39,546 - INFO - 
Starting production data update...
2025-09-07 14:51:39,546 - INFO - Adding Put/Call ratio history...
2025-09-07 14:51:39,547 - WARNING -   CBOE CSV not found - will use current value only
2025-09-07 14:51:39,547 - INFO -   ✓ Put/Call: 23 months total
2025-09-07 14:51:39,547 - INFO - Adding Trailing P/E history from multpl.com...
2025-09-07 14:51:40,222 - INFO -   Scraped 233 months from multpl.com
2025-09-07 14:51:40,239 - INFO -   ✓ Trailing P/E: 232 months of real data
2025-09-07 14:51:40,241 - INFO - Adding EPS Delivery history...
2025-09-07 14:51:40,241 - INFO -   Fetching AAPL earnings...
2025-09-07 14:51:41,038 - INFO -   Fetching MSFT earnings...
2025-09-07 14:51:41,586 - INFO -   Fetching GOOGL earnings...
2025-09-07 14:51:42,146 - INFO -   Fetching AMZN earnings...
2025-09-07 14:51:42,709 - INFO -   Fetching NVDA earnings...
2025-09-07 14:51:43,266 - WARNING -   Limited earnings data, adding market-typical values
2025-09-07 14:51:43,269 - INFO -   ✓ EPS Delivery: 23 quarters
2025-09-07 14:51:43,270 - INFO - Adding ETF Flow Differential history...
2025-09-07 14:51:44,555 - INFO -   ✓ ETF Flow: 241 months
2025-09-07 14:51:44,555 - INFO - Consolidating data structure...
2025-09-07 14:51:44,555 - INFO -   Moved dxy to historical_data
2025-09-07 14:51:44,556 - INFO -   Moved real_rates to historical_data
2025-09-07 14:51:44,556 - INFO -   Moved qqq_spy to historical_data
2025-09-07 14:51:44,556 - INFO -   Moved productivity to historical_data
2025-09-07 14:51:44,556 - INFO -   Moved tech_employment_pct to historical_data
2025-09-07 14:51:44,556 - INFO -   Moved us_market_pct to historical_data
2025-09-07 14:51:44,556 - INFO -   ✓ Data structure consolidated
2025-09-07 14:51:44,556 - INFO - Status: 12/12 indicators, 10 GARCH-ready
2025-09-07 14:51:44,580 - INFO - Created backup: hcp_master_backup_20250907_145144.json
2025-09-07 14:51:44,605 - INFO - ✓ Master data saved: C:\Users\markf\OneDrive\Documents\GitHub\Humble-Conviction-Portfolio\data_collector\Outputs\hcp_master_data.json
2025-09-07 14:51:44,605 - INFO - ============================================================
2025-09-07 14:51:44,606 - INFO - PRODUCTION UPDATE COMPLETE
2025-09-07 14:51:44,606 - INFO - Successfully added: Put/Call, Trailing P/E, EPS Delivery, ETF Flows
2025-09-07 14:51:44,606 - INFO - Total indicators: 12/12
2025-09-07 14:51:44,606 - INFO - GARCH ready: 10
2025-09-07 14:51:44,606 - INFO - Production ready: True
2025-09-07 14:51:44,606 - INFO - ============================================================
2025-09-07 15:05:55,810 - INFO - Loaded master file with 11 auto indicators
2025-09-07 15:05:55,810 - INFO - Existing historical_data: ['cofer_usd', 'put_call_ratio', 'trailing_pe', 'eps_delivery', 'etf_flow_differential', 'dxy', 'real_rates', 'qqq_spy', 'productivity', 'tech_employment_pct', 'us_market_pct']
2025-09-07 15:05:55,811 - INFO - ============================================================
2025-09-07 15:05:55,811 - INFO - HCP PRODUCTION HISTORICAL COLLECTOR v4.3.1
2025-09-07 15:05:55,811 - INFO - Complete data update with Real Rate Diff + SPY/EFA Momentum
2025-09-07 15:05:55,812 - INFO - ZERO REGRESSION POLICY ENFORCED
2025-09-07 15:05:55,812 - INFO - ============================================================
2025-09-07 15:05:55,812 - INFO - 
Starting production data update v4.3.1...
2025-09-07 15:05:55,812 - INFO - 
--- Adding v4.3.1 New Features ---
2025-09-07 15:05:55,812 - INFO - Calculating Real Rate Differential...
2025-09-07 15:05:55,813 - INFO -   Found 5002 months of US real rate data
2025-09-07 15:05:55,823 - ERROR -   ✗ Real Rate Differential failed: Cannot cast 1608-11-07 15:05:55.814799 to unit='ns' without overflow.
2025-09-07 15:05:55,823 - INFO - Calculating SPY/EFA Momentum history...
2025-09-07 15:05:56,281 - INFO -   Processing 240 months of price data
2025-09-07 15:05:56,287 - INFO -   ✓ SPY/EFA Momentum: 237 months calculated
2025-09-07 15:05:56,288 - INFO - 
--- Adding v4.3.0 Historical Data ---
2025-09-07 15:05:56,288 - INFO - Adding Put/Call ratio history...
2025-09-07 15:05:56,288 - WARNING -   CBOE CSV not found - will use current value only
2025-09-07 15:05:56,289 - INFO -   ✓ Put/Call: 23 months total
2025-09-07 15:05:56,289 - INFO - Adding Trailing P/E history from multpl.com...
2025-09-07 15:05:56,290 - INFO -   ✓ Trailing P/E: 232 months of real data
2025-09-07 15:05:56,290 - INFO - Adding EPS Delivery history...
2025-09-07 15:05:56,290 - INFO -   ✓ EPS Delivery: 23 quarters
2025-09-07 15:05:56,290 - INFO - Adding ETF Flow Differential history...
2025-09-07 15:05:56,694 - INFO -   ✓ ETF Flow: 241 months
2025-09-07 15:05:56,695 - INFO - Consolidating data structure...
2025-09-07 15:05:56,695 - INFO -   ✓ Data structure consolidated
2025-09-07 15:05:56,696 - INFO - Status: 22/12 indicators, 12 GARCH-ready
2025-09-07 15:05:56,728 - INFO - Created backup: hcp_master_backup_20250907_150556.json
2025-09-07 15:05:56,757 - INFO - ✓ Master data saved: C:\Users\markf\OneDrive\Documents\GitHub\Humble-Conviction-Portfolio\data_collector\Outputs\hcp_master_data.json
2025-09-07 15:05:56,758 - INFO - ============================================================
2025-09-07 15:05:56,758 - INFO - PRODUCTION UPDATE v4.3.1 COMPLETE
2025-09-07 15:05:56,758 - INFO - Successfully added: SPY/EFA Momentum History, Put/Call, Trailing P/E, EPS Delivery, ETF Flows
2025-09-07 15:05:56,759 - INFO - Total indicators: 12/12
2025-09-07 15:05:56,759 - INFO - GARCH ready: 10
2025-09-07 15:05:56,759 - INFO - Production ready: True
2025-09-07 15:05:56,760 - INFO - ============================================================
2025-09-07 18:08:10,509 - INFO - ============================================================
2025-09-07 18:08:10,510 - INFO - HCP DATA COLLECTOR v4.3.2 - REAL DATA ONLY
2025-09-07 18:08:10,510 - INFO - IPS v4.2 Compliant - No synthetic fallbacks
2025-09-07 18:08:10,511 - INFO - ============================================================
2025-09-07 18:08:10,511 - INFO - Collecting DXY Index...
2025-09-07 18:08:12,588 - INFO -   ✓ DXY Index: 241 months from DX-Y.NYB
2025-09-07 18:08:12,589 - INFO - Collecting Real Rate Differential...
2025-09-07 18:08:13,928 - INFO -   ✓ Real Rate Differential: 273 months (proxy)
2025-09-07 18:08:13,931 - INFO - COFER USD Reserve Share...
2025-09-07 18:08:13,931 - INFO -   ⚠ COFER USD: Run cofer_usd_extractor_v1.1.py after this collector
2025-09-07 18:08:13,932 - INFO -     Download latest COFER CSV from: https://data.imf.org/COFER
2025-09-07 18:08:13,932 - INFO - Collecting QQQ/SPY Ratio...
2025-09-07 18:08:14,624 - INFO -   ✓ QQQ/SPY Ratio: 319 months
2025-09-07 18:08:14,627 - INFO - Collecting US Productivity Growth...
2025-09-07 18:08:15,917 - INFO -   ✓ Productivity Growth: 138 quarters
2025-09-07 18:08:15,919 - INFO - Collecting Tech Employment %...
2025-09-07 18:08:18,439 - INFO -   ✓ Tech Employment %: 428 months
2025-09-07 18:08:18,442 - INFO - Collecting Put/Call Ratio...
2025-09-07 18:08:18,443 - ERROR -   ✗ CBOE file not found: C:\Users\markf\OneDrive\Documents\GitHub\Humble-Conviction-Portfolio\data_collector\Historical Data\CBOE 20062019_total_pc.csv
2025-09-07 18:08:18,443 - INFO - Collecting Trailing P/E...
2025-09-07 18:08:20,515 - INFO -   ✓ Trailing P/E: 233 months from multpl.com
2025-09-07 18:08:20,520 - INFO - Collecting EPS Delivery...
2025-09-07 18:08:20,522 - INFO -   Fetching AAPL earnings...
2025-09-07 18:08:21,071 - INFO -   Fetching MSFT earnings...
2025-09-07 18:08:21,631 - INFO -   Fetching GOOGL earnings...
2025-09-07 18:08:22,194 - INFO -   Fetching AMZN earnings...
2025-09-07 18:08:22,738 - INFO -   Fetching NVDA earnings...
2025-09-07 18:08:23,288 - INFO -   ✓ EPS Delivery: 5 quarters
2025-09-07 18:08:23,290 - INFO - Collecting SPY/EFA Momentum...
2025-09-07 18:08:23,759 - INFO -   ✓ SPY/EFA Momentum: 238 months
2025-09-07 18:08:23,761 - INFO - Collecting US Market %...
2025-09-07 18:08:24,023 - INFO -   ✓ US Market %: 241 months (proxy)
2025-09-07 18:08:24,026 - INFO - Collecting ETF Flow Differential...
2025-09-07 18:08:24,296 - INFO -   ✓ ETF Flow Differential: 241 months (proxy)
2025-09-07 18:08:24,299 - INFO - ============================================================
2025-09-07 18:08:24,301 - INFO - COLLECTION COMPLETE: 11/12 indicators
2025-09-07 18:08:24,302 - INFO - ============================================================
2025-09-07 18:08:24,332 - INFO - ✓ Saved to: C:\Users\markf\OneDrive\Documents\GitHub\Humble-Conviction-Portfolio\data_collector\Outputs\hcp_master_data_v432.json
2025-09-07 18:25:23,040 - INFO - ============================================================
2025-09-07 18:25:23,041 - INFO - HCP DATA COLLECTOR v4.3.2 - REAL DATA ONLY
2025-09-07 18:25:23,041 - INFO - IPS v4.2 Compliant - No synthetic fallbacks
2025-09-07 18:25:23,042 - INFO - ============================================================
2025-09-07 18:25:23,042 - INFO - Collecting DXY Index...
2025-09-07 18:25:23,474 - INFO -   ✓ DXY Index: 241 months from DX-Y.NYB
2025-09-07 18:25:23,475 - INFO - Collecting Real Rate Differential...
2025-09-07 18:25:24,086 - INFO -   ✓ Real Rate Differential: 273 months (proxy)
2025-09-07 18:25:24,088 - INFO - COFER USD Reserve Share...
2025-09-07 18:25:24,089 - INFO -   ⚠ COFER USD: Run cofer_usd_extractor_v1.1.py after this collector
2025-09-07 18:25:24,089 - INFO -     Download latest COFER CSV from: https://data.imf.org/COFER
2025-09-07 18:25:24,089 - INFO - Collecting QQQ/SPY Ratio...
2025-09-07 18:25:24,633 - INFO -   ✓ QQQ/SPY Ratio: 319 months
2025-09-07 18:25:24,634 - INFO - Collecting US Productivity Growth...
2025-09-07 18:25:25,041 - INFO -   ✓ Productivity Growth: 138 quarters
2025-09-07 18:25:25,042 - INFO - Collecting Tech Employment %...
2025-09-07 18:25:26,564 - INFO -   ✓ Tech Employment %: 428 months
2025-09-07 18:25:26,566 - INFO - Collecting Put/Call Ratio...
2025-09-07 18:25:26,567 - INFO -   Reading CBOE historical data...
2025-09-07 18:25:30,385 - INFO -   ✓ Put/Call Ratio: 156 months from CBOE
2025-09-07 18:25:30,387 - INFO - Collecting Trailing P/E...
2025-09-07 18:25:32,357 - INFO -   ✓ Trailing P/E: 233 months from multpl.com
2025-09-07 18:25:32,362 - INFO - Collecting EPS Delivery...
2025-09-07 18:25:32,365 - INFO -   Fetching AAPL earnings...
2025-09-07 18:25:33,120 - INFO -   Fetching MSFT earnings...
2025-09-07 18:25:33,710 - INFO -   Fetching GOOGL earnings...
2025-09-07 18:25:34,281 - INFO -   Fetching AMZN earnings...
2025-09-07 18:25:34,848 - INFO -   Fetching NVDA earnings...
2025-09-07 18:25:35,400 - INFO -   ✓ EPS Delivery: 5 quarters
2025-09-07 18:25:35,402 - INFO - Collecting SPY/EFA Momentum...
2025-09-07 18:25:36,254 - INFO -   ✓ SPY/EFA Momentum: 238 months
2025-09-07 18:25:36,257 - INFO - Collecting US Market %...
2025-09-07 18:25:36,396 - INFO -   ✓ US Market %: 241 months (proxy)
2025-09-07 18:25:36,397 - INFO - Collecting ETF Flow Differential...
2025-09-07 18:25:36,535 - INFO -   ✓ ETF Flow Differential: 241 months (proxy)
2025-09-07 18:25:36,537 - INFO - ============================================================
2025-09-07 18:25:36,538 - INFO - COLLECTION COMPLETE: 12/12 indicators
2025-09-07 18:25:36,539 - INFO - ============================================================
2025-09-07 18:25:36,572 - INFO - ✓ Saved to: C:\Users\markf\OneDrive\Documents\GitHub\Humble-Conviction-Portfolio\data_collector\Outputs\hcp_master_data_v432.json
2025-09-07 18:33:18,490 - INFO - ============================================================
2025-09-07 18:33:18,491 - INFO - HCP DATA COLLECTOR v4.3.2 - REAL DATA ONLY
2025-09-07 18:33:18,491 - INFO - IPS v4.2 Compliant - No synthetic fallbacks
2025-09-07 18:33:18,491 - INFO - ============================================================
2025-09-07 18:33:18,492 - INFO - Collecting DXY Index...
2025-09-07 18:33:18,914 - INFO -   ✓ DXY Index: 241 months from DX-Y.NYB
2025-09-07 18:33:18,914 - INFO - Collecting Real Rate Differential...
2025-09-07 18:33:19,459 - INFO -   ✓ Real Rate Differential: 273 months (proxy)
2025-09-07 18:33:19,461 - INFO - COFER USD Reserve Share...
2025-09-07 18:33:19,462 - INFO -   ⚠ COFER USD: Run cofer_usd_extractor_v1.1.py after this collector
2025-09-07 18:33:19,463 - INFO -     Download latest COFER CSV from: https://data.imf.org/COFER
2025-09-07 18:33:19,463 - INFO - Collecting QQQ/SPY Ratio...
2025-09-07 18:33:19,981 - INFO -   ✓ QQQ/SPY Ratio: 319 months
2025-09-07 18:33:19,982 - INFO - Collecting US Productivity Growth...
2025-09-07 18:33:20,358 - INFO -   ✓ Productivity Growth: 138 quarters
2025-09-07 18:33:20,360 - INFO - Collecting Tech Employment %...
2025-09-07 18:33:21,410 - INFO -   ✓ Tech Employment %: 428 months
2025-09-07 18:33:21,412 - INFO - Collecting Put/Call Ratio...
2025-09-07 18:33:21,412 - INFO -   Reading CBOE historical data...
2025-09-07 18:33:24,847 - INFO -   ✓ Put/Call Ratio: 156 months from CBOE
2025-09-07 18:33:24,848 - INFO - Collecting Trailing P/E...
2025-09-07 18:33:26,881 - INFO -   ✓ Trailing P/E: 233 months from multpl.com
2025-09-07 18:33:26,885 - INFO - Collecting EPS Delivery...
2025-09-07 18:33:26,886 - INFO -   Fetching AAPL earnings...
2025-09-07 18:33:27,439 - INFO -   Fetching MSFT earnings...
2025-09-07 18:33:27,985 - INFO -   Fetching GOOGL earnings...
2025-09-07 18:33:28,540 - INFO -   Fetching AMZN earnings...
2025-09-07 18:33:29,092 - INFO -   Fetching NVDA earnings...
2025-09-07 18:33:29,644 - INFO -   ✓ EPS Delivery: 5 quarters
2025-09-07 18:33:29,645 - INFO - Collecting SPY/EFA Momentum...
2025-09-07 18:33:30,107 - INFO -   ✓ SPY/EFA Momentum: 238 months
2025-09-07 18:33:30,108 - INFO - Collecting US Market %...
2025-09-07 18:33:30,220 - INFO -   ✓ US Market %: 241 months (proxy)
2025-09-07 18:33:30,221 - INFO - Collecting ETF Flow Differential...
2025-09-07 18:33:30,488 - INFO -   ✓ ETF Flow Differential: 241 months (proxy)
2025-09-07 18:33:30,490 - INFO - ============================================================
2025-09-07 18:33:30,490 - INFO - COLLECTION COMPLETE: 12/12 indicators
2025-09-07 18:33:30,491 - INFO - ============================================================
2025-09-07 18:33:30,517 - INFO - ✓ Saved to: C:\Users\markf\OneDrive\Documents\GitHub\Humble-Conviction-Portfolio\data_collector\Outputs\hcp_master_data_v432.json
2025-09-07 18:49:04,269 - INFO - ============================================================
2025-09-07 18:49:04,270 - INFO - HCP DATA COLLECTOR v4.3.3 - REAL DATA ONLY
2025-09-07 18:49:04,270 - INFO - IPS v4.2 Compliant - Standard filename output
2025-09-07 18:49:04,271 - INFO - ============================================================
2025-09-07 18:49:04,271 - INFO - Collecting DXY Index...
2025-09-07 18:49:04,637 - INFO -   ✓ DXY Index: 241 months from DX-Y.NYB
2025-09-07 18:49:04,638 - INFO - Collecting Real Rate Differential...
2025-09-07 18:49:05,186 - INFO -   ✓ Real Rate Differential: 273 months (proxy)
2025-09-07 18:49:05,189 - INFO - COFER USD Reserve Share...
2025-09-07 18:49:05,190 - INFO -   ⚠ COFER USD: Run cofer_usd_extractor_v1.1.py after this collector
2025-09-07 18:49:05,190 - INFO -     Download latest COFER CSV from: https://data.imf.org/COFER
2025-09-07 18:49:05,191 - INFO - Collecting QQQ/SPY Ratio...
2025-09-07 18:49:05,709 - INFO -   ✓ QQQ/SPY Ratio: 319 months
2025-09-07 18:49:05,710 - INFO - Collecting US Productivity Growth...
2025-09-07 18:49:06,080 - INFO -   ✓ Productivity Growth: 138 quarters
2025-09-07 18:49:06,081 - INFO - Collecting Tech Employment %...
2025-09-07 18:49:07,014 - INFO -   ✓ Tech Employment %: 428 months
2025-09-07 18:49:07,016 - INFO - Collecting Put/Call Ratio...
2025-09-07 18:49:07,017 - INFO -   Reading CBOE historical data...
2025-09-07 18:49:10,902 - INFO -   ✓ Put/Call Ratio: 156 months from CBOE
2025-09-07 18:49:10,904 - INFO - Collecting Trailing P/E...
2025-09-07 18:49:13,014 - INFO -   ✓ Trailing P/E: 233 months from multpl.com
2025-09-07 18:49:13,017 - INFO - Collecting EPS Delivery...
2025-09-07 18:49:13,018 - INFO -   Fetching AAPL earnings...
2025-09-07 18:49:13,725 - INFO -   Fetching MSFT earnings...
2025-09-07 18:49:14,276 - INFO -   Fetching GOOGL earnings...
2025-09-07 18:49:14,837 - INFO -   Fetching AMZN earnings...
2025-09-07 18:49:15,397 - INFO -   Fetching NVDA earnings...
2025-09-07 18:49:15,961 - INFO -   ✓ EPS Delivery: 5 quarters
2025-09-07 18:49:15,962 - INFO - Collecting SPY/EFA Momentum...
2025-09-07 18:49:16,422 - INFO -   ✓ SPY/EFA Momentum: 238 months
2025-09-07 18:49:16,423 - INFO - Collecting US Market %...
2025-09-07 18:49:16,835 - INFO -   ✓ US Market %: 241 months (proxy)
2025-09-07 18:49:16,837 - INFO - Collecting ETF Flow Differential...
2025-09-07 18:49:17,246 - INFO -   ✓ ETF Flow Differential: 241 months (proxy)
2025-09-07 18:49:17,248 - INFO - ============================================================
2025-09-07 18:49:17,249 - INFO - COLLECTION COMPLETE: 12/12 indicators
2025-09-07 18:49:17,249 - INFO - ============================================================
2025-09-07 18:49:17,276 - INFO - ✓ Saved to: C:\Users\markf\OneDrive\Documents\GitHub\Humble-Conviction-Portfolio\data_collector\Outputs\hcp_master_data_v432.json
2025-09-07 19:02:12,444 - INFO - ============================================================
2025-09-07 19:02:12,445 - INFO - HCP DATA COLLECTOR v4.3.3 - REAL DATA ONLY
2025-09-07 19:02:12,445 - INFO - IPS v4.2 Compliant - Standard filename output
2025-09-07 19:02:12,445 - INFO - ============================================================
2025-09-07 19:02:12,446 - INFO - Collecting DXY Index...
2025-09-07 19:02:12,964 - INFO -   ✓ DXY Index: 241 months from DX-Y.NYB
2025-09-07 19:02:12,965 - INFO - Collecting Real Rate Differential...
2025-09-07 19:02:13,524 - INFO -   ✓ Real Rate Differential: 273 months (proxy)
2025-09-07 19:02:13,526 - INFO - Checking for COFER USD Reserve Share...
2025-09-07 19:02:13,527 - INFO -   ⚠ COFER USD: Run cofer_usd_extractor_v1.1.py after this collector
2025-09-07 19:02:13,528 - INFO -     Download latest COFER CSV from: https://data.imf.org/COFER
2025-09-07 19:02:13,528 - INFO - Collecting QQQ/SPY Ratio...
2025-09-07 19:02:14,176 - INFO -   ✓ QQQ/SPY Ratio: 319 months
2025-09-07 19:02:14,177 - INFO - Collecting US Productivity Growth...
2025-09-07 19:02:14,551 - INFO -   ✓ Productivity Growth: 138 quarters
2025-09-07 19:02:14,553 - INFO - Collecting Tech Employment %...
2025-09-07 19:02:16,073 - INFO -   ✓ Tech Employment %: 428 months
2025-09-07 19:02:16,075 - INFO - Collecting Put/Call Ratio...
2025-09-07 19:02:16,076 - INFO -   Reading CBOE historical data...
2025-09-07 19:02:19,764 - INFO -     Found 156 months in historical file
2025-09-07 19:02:19,777 - INFO -   ✓ Put/Call Ratio: 156 months (2006-2019)
2025-09-07 19:02:19,779 - INFO - Collecting Trailing P/E...
2025-09-07 19:02:21,891 - INFO -   ✓ Trailing P/E: 233 months from multpl.com
2025-09-07 19:02:21,896 - INFO - Collecting EPS Delivery...
2025-09-07 19:02:21,897 - INFO -   Fetching AAPL earnings...
2025-09-07 19:02:22,488 - INFO -   Fetching MSFT earnings...
2025-09-07 19:02:23,041 - INFO -   Fetching GOOGL earnings...
2025-09-07 19:02:23,595 - INFO -   Fetching AMZN earnings...
2025-09-07 19:02:24,141 - INFO -   Fetching NVDA earnings...
2025-09-07 19:02:24,702 - INFO -   ✓ EPS Delivery: 5 quarters
2025-09-07 19:02:24,703 - INFO - Collecting SPY/EFA Momentum...
2025-09-07 19:02:25,172 - INFO -   ✓ SPY/EFA Momentum: 238 months
2025-09-07 19:02:25,175 - INFO - Collecting US Market %...
2025-09-07 19:02:25,416 - INFO -   ✓ US Market %: 241 months (proxy)
2025-09-07 19:02:25,417 - INFO - Collecting ETF Flow Differential...
2025-09-07 19:02:25,663 - INFO -   ✓ ETF Flow Differential: 241 months (proxy)
2025-09-07 19:02:25,666 - INFO - ============================================================
2025-09-07 19:02:25,666 - INFO - COLLECTION COMPLETE: 12/12 indicators
2025-09-07 19:02:25,667 - INFO - ============================================================
2025-09-07 19:02:25,690 - INFO - Created backup: backup_20250907_190225.json
2025-09-07 19:02:25,708 - INFO - ✓ Saved to: C:\Users\markf\OneDrive\Documents\GitHub\Humble-Conviction-Portfolio\data_collector\Outputs\hcp_master_data.json
